<?xml version="1.0" encoding="UTF-8"?>
<beans xmlns="http://www.springframework.org/schema/beans"
	xmlns:context="http://www.springframework.org/schema/context"
	xmlns:xsi="http://www.w3.org/2001/XMLSchema-instance" xmlns:tx="http://www.springframework.org/schema/tx"
	xsi:schemaLocation="
           http://www.springframework.org/schema/beans http://www.springframework.org/schema/beans/spring-beans-3.0.xsd
           http://www.springframework.org/schema/tx http://www.springframework.org/schema/tx/spring-tx-3.0.xsd
           http://www.springframework.org/schema/context http://www.springframework.org/schema/context/spring-context-3.0.xsd">

	<!-- Data Source Declaration -->
	<bean id="myDataSource" class="org.apache.commons.dbcp.BasicDataSource"
		destroy-method="close">
		<property name="driverClassName" value="org.postgresql.Driver" />
		<property name="url" value="jdbc:postgresql://localhost:5432/myagile" />
		<property name="username" value="postgres" />
		<property name="password" value="postgres" />
	</bean>

	<!-- Session Factory Declaration -->
	<bean id="mySessionFactory"
		class="org.springframework.orm.hibernate3.annotation.AnnotationSessionFactoryBean">
		<property name="dataSource" ref="myDataSource" />
		<property name="packagesToScan" value="com.ant.myagile.model" />
		<property name="namingStrategy">
			<bean id="namingStrategy" class="com.ant.myagile.utils.CustomNamingStrategy" />
		</property>
		<property name="hibernateProperties">
			<props>
				<prop key="hibernate.dialect">org.hibernate.dialect.PostgreSQLDialect</prop>
				<prop key="hibernate.show_sql">false</prop>
				<prop key="hibernate.enable_lazy_load_no_trans">true</prop>
				<prop key="hibernate.default_schema">myagiletest</prop>
				<prop key="hibernate.hbm2ddl.auto">create-drop</prop>
				<prop key="hibernate.cache.region.factory_class">net.sf.ehcache.hibernate.EhCacheRegionFactory</prop>
 		 		<prop key="hibernate.cache.use_second_level_cache">true</prop>
 		 		<prop key="hibernate.cache.use_query_cache">true</prop>
 		 		<prop key="net.sf.ehcache.configurationResourceName">/Ehcache.xml</prop>
			</props>
		</property>
	</bean>

	<!-- Enable the configuration of transactional behavior based on annotations -->
	<tx:annotation-driven transaction-manager="transactionManager" />
	<!-- Transaction Manager is defined -->
	<bean id="transactionManager"
		class="org.springframework.orm.hibernate3.HibernateTransactionManager">
		<property name="sessionFactory" ref="mySessionFactory" />
	</bean>

	<!-- Enable autowire -->
	<context:annotation-config />

	<!-- Enable component scanning -->
	<context:component-scan base-package="com.ant" />
	
	<bean id="passwordEncoder" class="org.springframework.security.authentication.encoding.ShaPasswordEncoder"/>
</beans>